<?xml version="1.0" encoding="UTF-8"?>
<testsuites name="GutTests" failures="1" tests="1" >
  <testsuite name="tests/test_subject.gd" tests="1" failures="1" skipped="0" time="0.001692" >
      <testcase name="test_run" assertions="1" status="fail" classname="tests/test_subject.gd" time="0.001692" >
      <failure message="failed"><![CDATA[Unexpected Errors:
      [1] <engine-2>Parse Error: Expected expression after "+" operator.
      [2] <engine-0>Failed to load script "res://subject/subject.gd" with error "Parse error".
      [3] <engine-2>Invalid call. Nonexistent function 'run' in base 'GDScript'.
            at line -1]]></failure></testcase>
  </testsuite>
</testsuites>